Added Pin To Net: NetName=CKV Pin=J?-2
Added Net: Name=CKV
Added Pin To Net: NetName=D0 Pin=J?-21
Added Net: Name=D0
Added Pin To Net: NetName=D1 Pin=J?-20
Added Net: Name=D1
Added Pin To Net: NetName=D2 Pin=J?-19
Added Net: Name=D2
Added Pin To Net: NetName=D3 Pin=J?-18
Added Net: Name=D3
Added Pin To Net: NetName=D4 Pin=J?-17
Added Net: Name=D4
Added Pin To Net: NetName=D5 Pin=J?-16
Added Net: Name=D5
Added Pin To Net: NetName=D6 Pin=J?-15
Added Net: Name=D6
Added Pin To Net: NetName=D7 Pin=J?-14
Added Net: Name=D7
Added Pin To Net: NetName=SPV Pin=J?-3
Added Net: Name=SPV
Added Pin To Net: NetName=XCL Pin=J?-26
Added Net: Name=XCL
Added Pin To Net: NetName=XLE Pin=J?-25
Added Net: Name=XLE
Added Pin To Net: NetName=XSTL Pin=J?-22
Added Net: Name=XSTL
